Defaulting to user installation because normal site-packages is not writeable
Collecting fastapi (from -r requirements.txt (line 1))
  Downloading fastapi-0.136.3-py3-none-any.whl.metadata (27 kB)
Collecting uvicorn (from -r requirements.txt (line 2))
  Downloading uvicorn-0.49.0-py3-none-any.whl.metadata (6.7 kB)
Collecting numpy (from -r requirements.txt (line 3))
  Downloading numpy-2.4.6-cp312-cp312-manylinux_2_27_x86_64.manylinux_2_28_x86_64.whl.metadata (6.6 kB)
Collecting scipy (from -r requirements.txt (line 4))
  Downloading scipy-1.17.1-cp312-cp312-manylinux_2_27_x86_64.manylinux_2_28_x86_64.whl.metadata (62 kB)
     ━━━━━━━━━━━━━━━━━━━━━━━━━━━━━━━━━━━━━━━━ 62.1/62.1 kB 21.9 MB/s eta 0:00:00
Collecting pandas (from -r requirements.txt (line 5))
  Downloading pandas-3.0.3-cp312-cp312-manylinux_2_24_x86_64.manylinux_2_28_x86_64.whl.metadata (79 kB)
     ━━━━━━━━━━━━━━━━━━━━━━━━━━━━━━━━━━━━━━━━ 79.5/79.5 kB 27.9 MB/s eta 0:00:00
Collecting plotly (from -r requirements.txt (line 6))
  Downloading plotly-6.8.0-py3-none-any.whl.metadata (9.0 kB)
Collecting pydantic (from -r requirements.txt (line 7))
  Downloading pydantic-2.13.4-py3-none-any.whl.metadata (109 kB)
     ━━━━━━━━━━━━━━━━━━━━━━━━━━━━━━━━━━━━━━━━ 109.4/109.4 kB 37.3 MB/s eta 0:00:00
Collecting PyWavelets (from -r requirements.txt (line 8))
  Downloading pywavelets-1.9.0-cp312-cp312-manylinux_2_27_x86_64.manylinux_2_28_x86_64.whl.metadata (7.6 kB)
Collecting starlette>=0.46.0 (from fastapi->-r requirements.txt (line 1))
  Downloading starlette-1.2.1-py3-none-any.whl.metadata (6.3 kB)
Requirement already satisfied: typing-extensions>=4.8.0 in /usr/lib/python3/dist-packages (from fastapi->-r requirements.txt (line 1)) (4.10.0)
Collecting typing-inspection>=0.4.2 (from fastapi->-r requirements.txt (line 1))
  Downloading typing_inspection-0.4.2-py3-none-any.whl.metadata (2.6 kB)
Collecting annotated-doc>=0.0.2 (from fastapi->-r requirements.txt (line 1))
  Downloading annotated_doc-0.0.4-py3-none-any.whl.metadata (6.6 kB)
Requirement already satisfied: click>=7.0 in /usr/lib/python3/dist-packages (from uvicorn->-r requirements.txt (line 2)) (8.1.6)
Collecting h11>=0.8 (from uvicorn->-r requirements.txt (line 2))
  Downloading h11-0.16.0-py3-none-any.whl.metadata (8.3 kB)
Requirement already satisfied: python-dateutil>=2.8.2 in /usr/lib/python3/dist-packages (from pandas->-r requirements.txt (line 5)) (2.8.2)
Collecting narwhals>=1.15.1 (from plotly->-r requirements.txt (line 6))
  Downloading narwhals-2.22.0-py3-none-any.whl.metadata (15 kB)
Requirement already satisfied: packaging in /usr/lib/python3/dist-packages (from plotly->-r requirements.txt (line 6)) (24.0)
Collecting annotated-types>=0.6.0 (from pydantic->-r requirements.txt (line 7))
  Downloading annotated_types-0.7.0-py3-none-any.whl.metadata (15 kB)
Collecting pydantic-core==2.46.4 (from pydantic->-r requirements.txt (line 7))
  Downloading pydantic_core-2.46.4-cp312-cp312-manylinux_2_17_x86_64.manylinux2014_x86_64.whl.metadata (6.6 kB)
Collecting typing-extensions>=4.8.0 (from fastapi->-r requirements.txt (line 1))
  Downloading typing_extensions-4.15.0-py3-none-any.whl.metadata (3.3 kB)
Collecting anyio<5,>=3.6.2 (from starlette>=0.46.0->fastapi->-r requirements.txt (line 1))
  Downloading anyio-4.13.0-py3-none-any.whl.metadata (4.5 kB)
Requirement already satisfied: idna>=2.8 in /usr/lib/python3/dist-packages (from anyio<5,>=3.6.2->starlette>=0.46.0->fastapi->-r requirements.txt (line 1)) (3.6)
Downloading fastapi-0.136.3-py3-none-any.whl (117 kB)
   ━━━━━━━━━━━━━━━━━━━━━━━━━━━━━━━━━━━━━━━━ 117.5/117.5 kB 43.6 MB/s eta 0:00:00
Downloading uvicorn-0.49.0-py3-none-any.whl (71 kB)
   ━━━━━━━━━━━━━━━━━━━━━━━━━━━━━━━━━━━━━━━━ 71.4/71.4 kB 27.3 MB/s eta 0:00:00
Downloading numpy-2.4.6-cp312-cp312-manylinux_2_27_x86_64.manylinux_2_28_x86_64.whl (16.6 MB)
   ━━━━━━━━━━━━━━━━━━━━━━━━━━━━━━━━━━━━━━━━ 16.6/16.6 MB 161.1 MB/s eta 0:00:00
Downloading scipy-1.17.1-cp312-cp312-manylinux_2_27_x86_64.manylinux_2_28_x86_64.whl (35.2 MB)
   ━━━━━━━━━━━━━━━━━━━━━━━━━━━━━━━━━━━━━━━━ 35.2/35.2 MB 121.9 MB/s eta 0:00:00
Downloading pandas-3.0.3-cp312-cp312-manylinux_2_24_x86_64.manylinux_2_28_x86_64.whl (10.9 MB)
   ━━━━━━━━━━━━━━━━━━━━━━━━━━━━━━━━━━━━━━━━ 10.9/10.9 MB 182.6 MB/s eta 0:00:00
Downloading plotly-6.8.0-py3-none-any.whl (9.9 MB)
   ━━━━━━━━━━━━━━━━━━━━━━━━━━━━━━━━━━━━━━━━ 9.9/9.9 MB 176.9 MB/s eta 0:00:00
Downloading pydantic-2.13.4-py3-none-any.whl (472 kB)
   ━━━━━━━━━━━━━━━━━━━━━━━━━━━━━━━━━━━━━━━━ 472.3/472.3 kB 113.0 MB/s eta 0:00:00
Downloading pydantic_core-2.46.4-cp312-cp312-manylinux_2_17_x86_64.manylinux2014_x86_64.whl (2.1 MB)
   ━━━━━━━━━━━━━━━━━━━━━━━━━━━━━━━━━━━━━━━━ 2.1/2.1 MB 173.9 MB/s eta 0:00:00
Downloading pywavelets-1.9.0-cp312-cp312-manylinux_2_27_x86_64.manylinux_2_28_x86_64.whl (4.5 MB)
   ━━━━━━━━━━━━━━━━━━━━━━━━━━━━━━━━━━━━━━━━ 4.5/4.5 MB 162.8 MB/s eta 0:00:00
Downloading annotated_doc-0.0.4-py3-none-any.whl (5.3 kB)
Downloading annotated_types-0.7.0-py3-none-any.whl (13 kB)
Downloading h11-0.16.0-py3-none-any.whl (37 kB)
Downloading narwhals-2.22.0-py3-none-any.whl (453 kB)
   ━━━━━━━━━━━━━━━━━━━━━━━━━━━━━━━━━━━━━━━━ 453.8/453.8 kB 101.6 MB/s eta 0:00:00
Downloading starlette-1.2.1-py3-none-any.whl (73 kB)
   ━━━━━━━━━━━━━━━━━━━━━━━━━━━━━━━━━━━━━━━━ 73.3/73.3 kB 27.9 MB/s eta 0:00:00
Downloading typing_extensions-4.15.0-py3-none-any.whl (44 kB)
   ━━━━━━━━━━━━━━━━━━━━━━━━━━━━━━━━━━━━━━━━ 44.6/44.6 kB 17.1 MB/s eta 0:00:00
Downloading typing_inspection-0.4.2-py3-none-any.whl (14 kB)
Downloading anyio-4.13.0-py3-none-any.whl (114 kB)
   ━━━━━━━━━━━━━━━━━━━━━━━━━━━━━━━━━━━━━━━━ 114.4/114.4 kB 44.4 MB/s eta 0:00:00
Installing collected packages: typing-extensions, numpy, narwhals, h11, annotated-types, annotated-doc, uvicorn, typing-inspection, scipy, PyWavelets, pydantic-core, plotly, pandas, anyio, starlette, pydantic, fastapi
Successfully installed PyWavelets-1.9.0 annotated-doc-0.0.4 annotated-types-0.7.0 anyio-4.13.0 fastapi-0.136.3 h11-0.16.0 narwhals-2.22.0 numpy-2.4.6 pandas-3.0.3 plotly-6.8.0 pydantic-2.13.4 pydantic-core-2.46.4 scipy-1.17.1 starlette-1.2.1 typing-extensions-4.15.0 typing-inspection-0.4.2 uvicorn-0.49.0
